[BS] Access URLs:
 ---------------------------------------
       Local: http://localhost:3000
    External: http://192.168.31.132:3000
 ---------------------------------------
          UI: http://localhost:3001
 UI External: http://192.168.31.132:3001
 ---------------------------------------
[BS] Serving files from: ./
[BS] Watching files...
[BS] File event [change] : style.css
[BS] File event [change] : style.css
[BS] File event [change] : style.css
[BS] File event [change] : style.css
[BS] File event [change] : style.css
[BS] File event [change] : style.css
[BS] File event [change] : style.css
[BS] File event [unlink] : style.css
[BS] File event [add] : style.css
[BS] File event [change] : style.css
[BS] File event [change] : style.css
[BS] File event [change] : style.css
[BS] File event [change] : style.css
[BS] File event [change] : style.css
[BS] File event [change] : style.css
[BS] File event [change] : style.css
[BS] File event [change] : style.css
[BS] File event [change] : style.css
[BS] File event [change] : style.css
[BS] File event [change] : style.css
[BS] File event [change] : style.css
[BS] File event [change] : style.css
[BS] File event [change] : style.css
[BS] File event [change] : style.css
[BS] File event [change] : style.css
[BS] File event [change] : style.css
[BS] File event [change] : style.css
[BS] File event [change] : style.css
[BS] File event [change] : style.css
[BS] File event [change] : style.css
[BS] File event [change] : style.css
[BS] File event [change] : style.css
[BS] File event [unlink] : style.css
[BS] File event [add] : style.css
[BS] File event [change] : style.css
[BS] File event [change] : style.css
[BS] File event [change] : style.css
[BS] Reloading Browsers...
[BS] Reloading Browsers...
[BS] Reloading Browsers...
[BS] Reloading Browsers...
[BS] Reloading Browsers...
[BS] Reloading Browsers...
[BS] Reloading Browsers...
[BS] Reloading Browsers...
[BS] Reloading Browsers...
[BS] Reloading Browsers...
[BS] Reloading Browsers...
[BS] Reloading Browsers...
[BS] Reloading Browsers...
[BS] Reloading Browsers...
[BS] Reloading Browsers...
[BS] Reloading Browsers...
/c/Users/Administrator/AppData/Roaming/npm/browser-sync: line 14:  7872 Terminated              node "$basedir/node_modules/browser-sync/bin/browser-sync.js" "$@"
